<?xml version="1.0" encoding="UTF-8"?>
<testsuite name="| 978-1-78528-415-1 | Spring Boot Recipes |" tests="6" skipped="0" failures="0" errors="0" timestamp="2016-07-13T20:41:05" hostname="lam-System-Product-Name" time="0.016">
  <properties/>
  <testcase name="Given packt-books fixture is loaded" classname="| 978-1-78528-415-1 | Spring Boot Recipes |" time="0.0"/>
  <testcase name="Given catalogue with books" classname="| 978-1-78528-415-1 | Spring Boot Recipes |" time="0.0"/>
  <testcase name="When requesting url /books/978-1-78528-415-1" classname="| 978-1-78528-415-1 | Spring Boot Recipes |" time="0.001"/>
  <testcase name="Then status code will be 200" classname="| 978-1-78528-415-1 | Spring Boot Recipes |" time="0.0"/>
  <testcase name="And response content contains Spring Boot Recipes" classname="| 978-1-78528-415-1 | Spring Boot Recipes |" time="0.0"/>
  <testcase name="classMethod" classname="| 978-1-78528-415-1 | Spring Boot Recipes |" time="0.024"/>
  <system-out><![CDATA[2016-07-13 21:41:05.024  INFO 5021 --- [    Test worker] o.s.t.c.support.AbstractContextLoader    : Could not detect default resource locations for test class [org.test.RepositoryStepdefs]: no resource found for suffixes {-context.xml, Context.groovy}.
2016-07-13 21:41:05.026  INFO 5021 --- [    Test worker] o.s.t.c.web.WebTestContextBootstrapper   : Loaded default TestExecutionListener class names from location [META-INF/spring.factories]: [org.springframework.test.context.web.ServletTestExecutionListener, org.springframework.test.context.support.DirtiesContextBeforeModesTestExecutionListener, org.springframework.test.context.support.DependencyInjectionTestExecutionListener, org.springframework.test.context.support.DirtiesContextTestExecutionListener, org.springframework.test.context.transaction.TransactionalTestExecutionListener, org.springframework.test.context.jdbc.SqlScriptsTestExecutionListener]
2016-07-13 21:41:05.026  INFO 5021 --- [    Test worker] o.s.t.c.web.WebTestContextBootstrapper   : Using TestExecutionListeners: [org.springframework.test.context.web.ServletTestExecutionListener@7cde5667, org.springframework.test.context.support.DirtiesContextBeforeModesTestExecutionListener@401f9cf, org.springframework.test.context.support.DependencyInjectionTestExecutionListener@4da75d30, org.springframework.test.context.support.DirtiesContextTestExecutionListener@2173f41e, org.springframework.test.context.transaction.TransactionalTestExecutionListener@2f90e339, org.springframework.test.context.jdbc.SqlScriptsTestExecutionListener@24d4a885]
2016-07-13 21:41:05.026  INFO 5021 --- [    Test worker] o.s.b.f.s.DefaultListableBeanFactory     : Replacing scope 'cucumber-glue' from [cucumber.runtime.java.spring.GlueCodeScope@77c766b5] to [cucumber.runtime.java.spring.GlueCodeScope@6d00e295]
2016-07-13 21:41:05.027  INFO 5021 --- [    Test worker] o.s.b.test.SpringBootMockServletContext  : Initializing Spring FrameworkServlet ''
2016-07-13 21:41:05.028  INFO 5021 --- [    Test worker] o.s.t.web.servlet.TestDispatcherServlet  : FrameworkServlet '': initialization started
2016-07-13 21:41:05.030  INFO 5021 --- [    Test worker] o.s.t.web.servlet.TestDispatcherServlet  : FrameworkServlet '': initialization completed in 2 ms

  @txn
  Scenario Outline: Using RESTful API to lookup books by ISBN # org/test/restful.feature:14
    Given catalogue with books                                # RestfulStepdefs.catalogue_with_books()
    When requesting url /books/978-1-78398-478-7              # RestfulStepdefs.requesting_url(String)
    Then status code will be 200                              # RestfulStepdefs.status_code_will_be(int)
    And response content contains Orchestrating Docker        # RestfulStepdefs.response_content_contains(String)
2016-07-13 21:41:05.031  INFO 5021 --- [    Test worker] o.s.jdbc.datasource.init.ScriptUtils     : Executing SQL script from class path resource [packt-books.sql]
2016-07-13 21:41:05.032  INFO 5021 --- [    Test worker] o.s.jdbc.datasource.init.ScriptUtils     : Executed SQL script from class path resource [packt-books.sql] in 0 ms.
]]></system-out>
  <system-err><![CDATA[]]></system-err>
</testsuite>
