<?xml version="1.0" encoding="UTF-8"?>
<testsuite name="org.test.bookpub.SpockBookRepositorySpecification" tests="3" skipped="0" failures="0" errors="0" timestamp="2016-07-13T15:34:07" hostname="lam-System-Product-Name" time="0.145">
  <properties/>
  <testcase name="Test RESTful GET" classname="org.test.bookpub.SpockBookRepositorySpecification" time="0.096"/>
  <testcase name="Insert another book" classname="org.test.bookpub.SpockBookRepositorySpecification" time="0.025"/>
  <testcase name="Test RESTful GET books by publisher" classname="org.test.bookpub.SpockBookRepositorySpecification" time="0.024"/>
  <system-out><![CDATA[2016-07-13 16:34:07.690  INFO 19573 --- [    Test worker] o.s.t.c.support.AbstractContextLoader    : Could not detect default resource locations for test class [org.test.bookpub.SpockBookRepositorySpecification]: no resource found for suffixes {-context.xml, Context.groovy}.
2016-07-13 16:34:07.691  INFO 19573 --- [    Test worker] o.s.t.c.web.WebTestContextBootstrapper   : Loaded default TestExecutionListener class names from location [META-INF/spring.factories]: [org.springframework.test.context.web.ServletTestExecutionListener, org.springframework.test.context.support.DirtiesContextBeforeModesTestExecutionListener, org.springframework.test.context.support.DependencyInjectionTestExecutionListener, org.springframework.test.context.support.DirtiesContextTestExecutionListener, org.springframework.test.context.transaction.TransactionalTestExecutionListener, org.springframework.test.context.jdbc.SqlScriptsTestExecutionListener]
2016-07-13 16:34:07.691  INFO 19573 --- [    Test worker] o.s.t.c.web.WebTestContextBootstrapper   : Using TestExecutionListeners: [org.springframework.test.context.web.ServletTestExecutionListener@4eb49fa4, org.springframework.test.context.support.DirtiesContextBeforeModesTestExecutionListener@340c25, org.springframework.test.context.support.DependencyInjectionTestExecutionListener@f67ee97, org.springframework.test.context.support.DirtiesContextTestExecutionListener@31bc2d21, org.springframework.test.context.transaction.TransactionalTestExecutionListener@5b1fdd0d, org.springframework.test.context.jdbc.SqlScriptsTestExecutionListener@7b6ab76f]
2016-07-13 16:34:07.738  INFO 19573 --- [    Test worker] o.s.t.c.transaction.TransactionContext   : Began transaction (1) for test context [DefaultTestContext@492a5ccd testClass = SpockBookRepositorySpecification, testInstance = org.test.bookpub.SpockBookRepositorySpecification@54b5d48d, testMethod = $spock_feature_0_0@SpockBookRepositorySpecification, testException = [null], mergedContextConfiguration = [WebMergedContextConfiguration@5a13a437 testClass = SpockBookRepositorySpecification, locations = '{}', classes = '{class org.test.BookpubApplication, class org.test.TestMockBeansConfig}', contextInitializerClasses = '[]', activeProfiles = '{}', propertySourceLocations = '{}', propertySourceProperties = '{}', resourceBasePath = 'src/main/webapp', contextLoader = 'org.springframework.boot.test.SpringApplicationContextLoader', parent = [null]]]; transaction manager [org.springframework.orm.jpa.JpaTransactionManager@5ef35a61]; rollback [true]
2016-07-13 16:34:07.747  INFO 19573 --- [    Test worker] o.s.b.test.SpringBootMockServletContext  : Initializing Spring FrameworkServlet ''
2016-07-13 16:34:07.747  INFO 19573 --- [    Test worker] o.s.t.web.servlet.TestDispatcherServlet  : FrameworkServlet '': initialization started
2016-07-13 16:34:07.749  INFO 19573 --- [    Test worker] o.s.t.web.servlet.TestDispatcherServlet  : FrameworkServlet '': initialization completed in 2 ms
2016-07-13 16:34:07.759  INFO 19573 --- [    Test worker] o.s.jdbc.datasource.init.ScriptUtils     : Executing SQL script from class path resource [packt-books.sql]
2016-07-13 16:34:07.760  INFO 19573 --- [    Test worker] o.s.jdbc.datasource.init.ScriptUtils     : Executed SQL script from class path resource [packt-books.sql] in 1 ms.
!!!!!!!!!!!!!!!!!!!!!!!!!!!!!!!!!!ISBN org.test.bookpub.controllers.Isbn@b97fd87
2016-07-13 16:34:07.788  INFO 19573 --- [    Test worker] o.s.t.c.transaction.TransactionContext   : Rolled back transaction for test context [DefaultTestContext@492a5ccd testClass = SpockBookRepositorySpecification, testInstance = org.test.bookpub.SpockBookRepositorySpecification@54b5d48d, testMethod = $spock_feature_0_0@SpockBookRepositorySpecification, testException = [null], mergedContextConfiguration = [WebMergedContextConfiguration@5a13a437 testClass = SpockBookRepositorySpecification, locations = '{}', classes = '{class org.test.BookpubApplication, class org.test.TestMockBeansConfig}', contextInitializerClasses = '[]', activeProfiles = '{}', propertySourceLocations = '{}', propertySourceProperties = '{}', resourceBasePath = 'src/main/webapp', contextLoader = 'org.springframework.boot.test.SpringApplicationContextLoader', parent = [null]]].
2016-07-13 16:34:07.790  INFO 19573 --- [    Test worker] o.s.t.c.transaction.TransactionContext   : Began transaction (1) for test context [DefaultTestContext@492a5ccd testClass = SpockBookRepositorySpecification, testInstance = org.test.bookpub.SpockBookRepositorySpecification@5008847f, testMethod = $spock_feature_0_0@SpockBookRepositorySpecification, testException = [null], mergedContextConfiguration = [WebMergedContextConfiguration@5a13a437 testClass = SpockBookRepositorySpecification, locations = '{}', classes = '{class org.test.BookpubApplication, class org.test.TestMockBeansConfig}', contextInitializerClasses = '[]', activeProfiles = '{}', propertySourceLocations = '{}', propertySourceProperties = '{}', resourceBasePath = 'src/main/webapp', contextLoader = 'org.springframework.boot.test.SpringApplicationContextLoader', parent = [null]]]; transaction manager [org.springframework.orm.jpa.JpaTransactionManager@5ef35a61]; rollback [true]
2016-07-13 16:34:07.790  INFO 19573 --- [    Test worker] o.s.jdbc.datasource.init.ScriptUtils     : Executing SQL script from class path resource [packt-books.sql]
2016-07-13 16:34:07.791  INFO 19573 --- [    Test worker] o.s.jdbc.datasource.init.ScriptUtils     : Executed SQL script from class path resource [packt-books.sql] in 1 ms.
!!!!!!!!!!!!!!!!!!!!!!!!!!!!!!!!!!ISBN org.test.bookpub.controllers.Isbn@6e0c1ec2
2016-07-13 16:34:07.797  INFO 19573 --- [    Test worker] o.s.t.c.transaction.TransactionContext   : Rolled back transaction for test context [DefaultTestContext@492a5ccd testClass = SpockBookRepositorySpecification, testInstance = org.test.bookpub.SpockBookRepositorySpecification@5008847f, testMethod = $spock_feature_0_0@SpockBookRepositorySpecification, testException = [null], mergedContextConfiguration = [WebMergedContextConfiguration@5a13a437 testClass = SpockBookRepositorySpecification, locations = '{}', classes = '{class org.test.BookpubApplication, class org.test.TestMockBeansConfig}', contextInitializerClasses = '[]', activeProfiles = '{}', propertySourceLocations = '{}', propertySourceProperties = '{}', resourceBasePath = 'src/main/webapp', contextLoader = 'org.springframework.boot.test.SpringApplicationContextLoader', parent = [null]]].
2016-07-13 16:34:07.799  INFO 19573 --- [    Test worker] o.s.t.c.transaction.TransactionContext   : Began transaction (1) for test context [DefaultTestContext@492a5ccd testClass = SpockBookRepositorySpecification, testInstance = org.test.bookpub.SpockBookRepositorySpecification@5935eb4f, testMethod = $spock_feature_0_1@SpockBookRepositorySpecification, testException = [null], mergedContextConfiguration = [WebMergedContextConfiguration@5a13a437 testClass = SpockBookRepositorySpecification, locations = '{}', classes = '{class org.test.BookpubApplication, class org.test.TestMockBeansConfig}', contextInitializerClasses = '[]', activeProfiles = '{}', propertySourceLocations = '{}', propertySourceProperties = '{}', resourceBasePath = 'src/main/webapp', contextLoader = 'org.springframework.boot.test.SpringApplicationContextLoader', parent = [null]]]; transaction manager [org.springframework.orm.jpa.JpaTransactionManager@5ef35a61]; rollback [true]
2016-07-13 16:34:07.799  INFO 19573 --- [    Test worker] o.s.jdbc.datasource.init.ScriptUtils     : Executing SQL script from class path resource [packt-books.sql]
2016-07-13 16:34:07.800  INFO 19573 --- [    Test worker] o.s.jdbc.datasource.init.ScriptUtils     : Executed SQL script from class path resource [packt-books.sql] in 1 ms.
2016-07-13 16:34:07.823  INFO 19573 --- [    Test worker] o.s.t.c.transaction.TransactionContext   : Rolled back transaction for test context [DefaultTestContext@492a5ccd testClass = SpockBookRepositorySpecification, testInstance = org.test.bookpub.SpockBookRepositorySpecification@5935eb4f, testMethod = $spock_feature_0_1@SpockBookRepositorySpecification, testException = [null], mergedContextConfiguration = [WebMergedContextConfiguration@5a13a437 testClass = SpockBookRepositorySpecification, locations = '{}', classes = '{class org.test.BookpubApplication, class org.test.TestMockBeansConfig}', contextInitializerClasses = '[]', activeProfiles = '{}', propertySourceLocations = '{}', propertySourceProperties = '{}', resourceBasePath = 'src/main/webapp', contextLoader = 'org.springframework.boot.test.SpringApplicationContextLoader', parent = [null]]].
2016-07-13 16:34:07.824  INFO 19573 --- [    Test worker] o.s.jdbc.datasource.init.ScriptUtils     : Executing SQL script from class path resource [packt-books.sql]
2016-07-13 16:34:07.825  INFO 19573 --- [    Test worker] o.s.jdbc.datasource.init.ScriptUtils     : Executed SQL script from class path resource [packt-books.sql] in 1 ms.
]]></system-out>
  <system-err><![CDATA[]]></system-err>
</testsuite>
