<?xml version="1.0" encoding="UTF-8"?>
<testsuite name="| 978-1-78528-415-1 | Spring Boot Recipes |" tests="6" skipped="0" failures="0" errors="0" timestamp="2016-07-13T14:39:08" hostname="lam-System-Product-Name" time="0.019">
  <properties/>
  <testcase name="Given packt-books fixture is loaded" classname="| 978-1-78528-415-1 | Spring Boot Recipes |" time="0.0"/>
  <testcase name="Given catalogue with books" classname="| 978-1-78528-415-1 | Spring Boot Recipes |" time="0.0"/>
  <testcase name="When requesting url /books/978-1-78528-415-1" classname="| 978-1-78528-415-1 | Spring Boot Recipes |" time="0.0"/>
  <testcase name="Then status code will be 200" classname="| 978-1-78528-415-1 | Spring Boot Recipes |" time="0.0"/>
  <testcase name="And response content contains Spring Boot Recipes" classname="| 978-1-78528-415-1 | Spring Boot Recipes |" time="0.0"/>
  <testcase name="classMethod" classname="| 978-1-78528-415-1 | Spring Boot Recipes |" time="0.029"/>
  <system-out><![CDATA[2016-07-13 15:39:08.974  INFO 17311 --- [    Test worker] o.s.t.c.support.AbstractContextLoader    : Could not detect default resource locations for test class [org.test.RestfulStepdefs]: no resource found for suffixes {-context.xml, Context.groovy}.
2016-07-13 15:39:08.976  INFO 17311 --- [    Test worker] o.s.t.c.web.WebTestContextBootstrapper   : Loaded default TestExecutionListener class names from location [META-INF/spring.factories]: [org.springframework.test.context.web.ServletTestExecutionListener, org.springframework.test.context.support.DirtiesContextBeforeModesTestExecutionListener, org.springframework.test.context.support.DependencyInjectionTestExecutionListener, org.springframework.test.context.support.DirtiesContextTestExecutionListener, org.springframework.test.context.transaction.TransactionalTestExecutionListener, org.springframework.test.context.jdbc.SqlScriptsTestExecutionListener]
2016-07-13 15:39:08.976  INFO 17311 --- [    Test worker] o.s.t.c.web.WebTestContextBootstrapper   : Using TestExecutionListeners: [org.springframework.test.context.web.ServletTestExecutionListener@171bf651, org.springframework.test.context.support.DirtiesContextBeforeModesTestExecutionListener@e079808, org.springframework.test.context.support.DependencyInjectionTestExecutionListener@256d5824, org.springframework.test.context.support.DirtiesContextTestExecutionListener@6fc364c3, org.springframework.test.context.transaction.TransactionalTestExecutionListener@2722ae14, org.springframework.test.context.jdbc.SqlScriptsTestExecutionListener@1557a520]
2016-07-13 15:39:08.976  INFO 17311 --- [    Test worker] o.s.b.f.s.DefaultListableBeanFactory     : Replacing scope 'cucumber-glue' from [cucumber.runtime.java.spring.GlueCodeScope@3422f462] to [cucumber.runtime.java.spring.GlueCodeScope@2e25f12f]
2016-07-13 15:39:08.978  INFO 17311 --- [    Test worker] o.s.b.test.SpringBootMockServletContext  : Initializing Spring FrameworkServlet ''
2016-07-13 15:39:08.978  INFO 17311 --- [    Test worker] o.s.t.web.servlet.TestDispatcherServlet  : FrameworkServlet '': initialization started
2016-07-13 15:39:08.980  INFO 17311 --- [    Test worker] o.s.t.web.servlet.TestDispatcherServlet  : FrameworkServlet '': initialization completed in 2 ms

  @txn
  Scenario Outline: Using RESTful API to lookup books by ISBN # org/test/restful.feature:14
    Given catalogue with books                                # RestfulStepdefs.catalogue_with_books()
    When requesting url /books/978-1-78398-478-7              # RestfulStepdefs.requesting_url(String)
    Then status code will be 200                              # RestfulStepdefs.status_code_will_be(int)
    And response content contains Orchestrating Docker        # RestfulStepdefs.response_content_contains(String)
2016-07-13 15:39:08.982  INFO 17311 --- [    Test worker] o.s.jdbc.datasource.init.ScriptUtils     : Executing SQL script from class path resource [packt-books.sql]
2016-07-13 15:39:08.982  INFO 17311 --- [    Test worker] o.s.jdbc.datasource.init.ScriptUtils     : Executed SQL script from class path resource [packt-books.sql] in 0 ms.
]]></system-out>
  <system-err><![CDATA[]]></system-err>
</testsuite>
