<?xml version="1.0" encoding="UTF-8"?>
<testsuite name="| 978-1-78398-478-7 | Orchestrating Docker |" tests="6" skipped="0" failures="0" errors="0" timestamp="2016-07-13T15:34:07" hostname="lam-System-Product-Name" time="0.092">
  <properties/>
  <testcase name="Given packt-books fixture is loaded" classname="| 978-1-78398-478-7 | Orchestrating Docker |" time="0.0"/>
  <testcase name="Given catalogue with books" classname="| 978-1-78398-478-7 | Orchestrating Docker |" time="0.0"/>
  <testcase name="When requesting url /books/978-1-78398-478-7" classname="| 978-1-78398-478-7 | Orchestrating Docker |" time="0.0"/>
  <testcase name="Then status code will be 200" classname="| 978-1-78398-478-7 | Orchestrating Docker |" time="0.0"/>
  <testcase name="And response content contains Orchestrating Docker" classname="| 978-1-78398-478-7 | Orchestrating Docker |" time="0.0"/>
  <testcase name="classMethod" classname="| 978-1-78398-478-7 | Orchestrating Docker |" time="0.102"/>
  <system-out><![CDATA[2016-07-13 16:34:07.539  INFO 19573 --- [    Test worker] o.s.t.c.support.AbstractContextLoader    : Could not detect default resource locations for test class [org.test.RestfulStepdefs]: no resource found for suffixes {-context.xml, Context.groovy}.
2016-07-13 16:34:07.541  INFO 19573 --- [    Test worker] o.s.t.c.web.WebTestContextBootstrapper   : Loaded default TestExecutionListener class names from location [META-INF/spring.factories]: [org.springframework.test.context.web.ServletTestExecutionListener, org.springframework.test.context.support.DirtiesContextBeforeModesTestExecutionListener, org.springframework.test.context.support.DependencyInjectionTestExecutionListener, org.springframework.test.context.support.DirtiesContextTestExecutionListener, org.springframework.test.context.transaction.TransactionalTestExecutionListener, org.springframework.test.context.jdbc.SqlScriptsTestExecutionListener]
2016-07-13 16:34:07.541  INFO 19573 --- [    Test worker] o.s.t.c.web.WebTestContextBootstrapper   : Using TestExecutionListeners: [org.springframework.test.context.web.ServletTestExecutionListener@4b267f13, org.springframework.test.context.support.DirtiesContextBeforeModesTestExecutionListener@7a6b8dba, org.springframework.test.context.support.DependencyInjectionTestExecutionListener@44c1354e, org.springframework.test.context.support.DirtiesContextTestExecutionListener@7de44d35, org.springframework.test.context.transaction.TransactionalTestExecutionListener@5c27b7d, org.springframework.test.context.jdbc.SqlScriptsTestExecutionListener@23e23022]
2016-07-13 16:34:07.541  INFO 19573 --- [    Test worker] o.s.b.f.s.DefaultListableBeanFactory     : Replacing scope 'cucumber-glue' from [cucumber.runtime.java.spring.GlueCodeScope@31167f5d] to [cucumber.runtime.java.spring.GlueCodeScope@2799e391]
2016-07-13 16:34:07.543  INFO 19573 --- [    Test worker] o.s.b.test.SpringBootMockServletContext  : Initializing Spring FrameworkServlet ''
2016-07-13 16:34:07.543  INFO 19573 --- [    Test worker] o.s.t.web.servlet.TestDispatcherServlet  : FrameworkServlet '': initialization started
2016-07-13 16:34:07.545  INFO 19573 --- [    Test worker] o.s.t.web.servlet.TestDispatcherServlet  : FrameworkServlet '': initialization completed in 2 ms
2016-07-13 16:34:07.547  INFO 19573 --- [    Test worker] o.s.jdbc.datasource.init.ScriptUtils     : Executing SQL script from class path resource [packt-books.sql]
2016-07-13 16:34:07.548  INFO 19573 --- [    Test worker] o.s.jdbc.datasource.init.ScriptUtils     : Executed SQL script from class path resource [packt-books.sql] in 1 ms.
]]></system-out>
  <system-err><![CDATA[]]></system-err>
</testsuite>
