<?xml version="1.0" encoding="UTF-8"?>
<testsuite name="| 978-1-78398-478-7 | Orchestrating Docker |" tests="6" skipped="0" failures="0" errors="0" timestamp="2016-07-13T20:41:04" hostname="lam-System-Product-Name" time="0.106">
  <properties/>
  <testcase name="Given packt-books fixture is loaded" classname="| 978-1-78398-478-7 | Orchestrating Docker |" time="0.0"/>
  <testcase name="Given catalogue with books" classname="| 978-1-78398-478-7 | Orchestrating Docker |" time="0.0"/>
  <testcase name="When requesting url /books/978-1-78398-478-7" classname="| 978-1-78398-478-7 | Orchestrating Docker |" time="0.0"/>
  <testcase name="Then status code will be 200" classname="| 978-1-78398-478-7 | Orchestrating Docker |" time="0.0"/>
  <testcase name="And response content contains Orchestrating Docker" classname="| 978-1-78398-478-7 | Orchestrating Docker |" time="0.0"/>
  <testcase name="classMethod" classname="| 978-1-78398-478-7 | Orchestrating Docker |" time="0.115"/>
  <system-out><![CDATA[2016-07-13 21:41:04.909  INFO 5021 --- [    Test worker] o.s.t.c.support.AbstractContextLoader    : Could not detect default resource locations for test class [org.test.RepositoryStepdefs]: no resource found for suffixes {-context.xml, Context.groovy}.
2016-07-13 21:41:04.910  INFO 5021 --- [    Test worker] o.s.t.c.web.WebTestContextBootstrapper   : Loaded default TestExecutionListener class names from location [META-INF/spring.factories]: [org.springframework.test.context.web.ServletTestExecutionListener, org.springframework.test.context.support.DirtiesContextBeforeModesTestExecutionListener, org.springframework.test.context.support.DependencyInjectionTestExecutionListener, org.springframework.test.context.support.DirtiesContextTestExecutionListener, org.springframework.test.context.transaction.TransactionalTestExecutionListener, org.springframework.test.context.jdbc.SqlScriptsTestExecutionListener]
2016-07-13 21:41:04.911  INFO 5021 --- [    Test worker] o.s.t.c.web.WebTestContextBootstrapper   : Using TestExecutionListeners: [org.springframework.test.context.web.ServletTestExecutionListener@378701e5, org.springframework.test.context.support.DirtiesContextBeforeModesTestExecutionListener@185b335f, org.springframework.test.context.support.DependencyInjectionTestExecutionListener@9fc94cb, org.springframework.test.context.support.DirtiesContextTestExecutionListener@662a4363, org.springframework.test.context.transaction.TransactionalTestExecutionListener@69adee6a, org.springframework.test.context.jdbc.SqlScriptsTestExecutionListener@28ade9cb]
2016-07-13 21:41:04.911  INFO 5021 --- [    Test worker] o.s.b.f.s.DefaultListableBeanFactory     : Replacing scope 'cucumber-glue' from [cucumber.runtime.java.spring.GlueCodeScope@711f0842] to [cucumber.runtime.java.spring.GlueCodeScope@77c766b5]
2016-07-13 21:41:04.912  INFO 5021 --- [    Test worker] o.s.b.test.SpringBootMockServletContext  : Initializing Spring FrameworkServlet ''
2016-07-13 21:41:04.913  INFO 5021 --- [    Test worker] o.s.t.web.servlet.TestDispatcherServlet  : FrameworkServlet '': initialization started
2016-07-13 21:41:04.915  INFO 5021 --- [    Test worker] o.s.t.web.servlet.TestDispatcherServlet  : FrameworkServlet '': initialization completed in 2 ms
2016-07-13 21:41:04.916  INFO 5021 --- [    Test worker] o.s.jdbc.datasource.init.ScriptUtils     : Executing SQL script from class path resource [packt-books.sql]
2016-07-13 21:41:04.917  INFO 5021 --- [    Test worker] o.s.jdbc.datasource.init.ScriptUtils     : Executed SQL script from class path resource [packt-books.sql] in 1 ms.
]]></system-out>
  <system-err><![CDATA[]]></system-err>
</testsuite>
