<?xml version="1.0" encoding="UTF-8"?>
<testsuite name="org.test.PublisherRepositoryTests" tests="1" skipped="0" failures="0" errors="0" timestamp="2016-07-13T20:41:02" hostname="lam-System-Product-Name" time="0.007">
  <properties/>
  <testcase name="publishersExist" classname="org.test.PublisherRepositoryTests" time="0.007"/>
  <system-out><![CDATA[21:40:59.442 [Test worker] DEBUG org.springframework.test.context.junit4.SpringJUnit4ClassRunner - SpringJUnit4ClassRunner constructor called with [class org.test.PublisherRepositoryTests]
21:40:59.445 [Test worker] DEBUG org.springframework.test.context.BootstrapUtils - Instantiating CacheAwareContextLoaderDelegate from class [org.springframework.test.context.cache.DefaultCacheAwareContextLoaderDelegate]
21:40:59.449 [Test worker] DEBUG org.springframework.test.context.BootstrapUtils - Instantiating BootstrapContext using constructor [public org.springframework.test.context.support.DefaultBootstrapContext(java.lang.Class,org.springframework.test.context.CacheAwareContextLoaderDelegate)]
21:40:59.461 [Test worker] DEBUG org.springframework.test.context.BootstrapUtils - Instantiating TestContextBootstrapper for test class [org.test.PublisherRepositoryTests] from class [org.springframework.test.context.support.DefaultTestContextBootstrapper]
21:40:59.474 [Test worker] DEBUG org.springframework.test.context.support.DefaultTestContextBootstrapper - Found explicit ContextLoader class [org.springframework.boot.test.SpringApplicationContextLoader] for context configuration attributes [ContextConfigurationAttributes@292ae541 declaringClass = 'org.test.PublisherRepositoryTests', classes = '{class org.test.BookpubApplication, class org.test.TestMockBeansConfig}', locations = '{}', inheritLocations = true, initializers = '{}', inheritInitializers = true, name = [null], contextLoaderClass = 'org.springframework.boot.test.SpringApplicationContextLoader']
21:40:59.478 [Test worker] DEBUG org.springframework.test.context.support.AbstractContextLoader - Did not detect default resource location for test class [org.test.PublisherRepositoryTests]: class path resource [org/test/PublisherRepositoryTests-context.xml] does not exist
21:40:59.479 [Test worker] DEBUG org.springframework.test.context.support.AbstractContextLoader - Did not detect default resource location for test class [org.test.PublisherRepositoryTests]: class path resource [org/test/PublisherRepositoryTestsContext.groovy] does not exist
21:40:59.479 [Test worker] INFO org.springframework.test.context.support.AbstractContextLoader - Could not detect default resource locations for test class [org.test.PublisherRepositoryTests]: no resource found for suffixes {-context.xml, Context.groovy}.
21:40:59.480 [Test worker] DEBUG org.springframework.test.context.support.ActiveProfilesUtils - Could not find an 'annotation declaring class' for annotation type [org.springframework.test.context.ActiveProfiles] and class [org.test.PublisherRepositoryTests]
21:40:59.488 [Test worker] INFO org.springframework.test.context.support.DefaultTestContextBootstrapper - Using TestExecutionListeners: [org.springframework.boot.test.IntegrationTestPropertiesListener@2debea59, org.springframework.test.context.support.DirtiesContextBeforeModesTestExecutionListener@356b58af, org.springframework.test.context.support.DependencyInjectionTestExecutionListener@1b46b4a4, org.springframework.test.context.support.DirtiesContextTestExecutionListener@25ade9c9, org.springframework.test.context.transaction.TransactionalTestExecutionListener@57e66607, org.springframework.test.context.jdbc.SqlScriptsTestExecutionListener@38a7e274]
21:40:59.489 [Test worker] DEBUG org.springframework.test.annotation.ProfileValueUtils - Retrieved @ProfileValueSourceConfiguration [null] for test class [org.test.PublisherRepositoryTests]
21:40:59.490 [Test worker] DEBUG org.springframework.test.annotation.ProfileValueUtils - Retrieved ProfileValueSource type [class org.springframework.test.annotation.SystemProfileValueSource] for class [org.test.PublisherRepositoryTests]
21:40:59.490 [Test worker] DEBUG org.springframework.test.annotation.ProfileValueUtils - Retrieved @ProfileValueSourceConfiguration [null] for test class [org.test.PublisherRepositoryTests]
21:40:59.490 [Test worker] DEBUG org.springframework.test.annotation.ProfileValueUtils - Retrieved ProfileValueSource type [class org.springframework.test.annotation.SystemProfileValueSource] for class [org.test.PublisherRepositoryTests]
21:40:59.492 [Test worker] DEBUG org.springframework.test.context.support.AbstractDirtiesContextTestExecutionListener - Before test class: context [DefaultTestContext@6a9dde86 testClass = PublisherRepositoryTests, testInstance = [null], testMethod = [null], testException = [null], mergedContextConfiguration = [MergedContextConfiguration@72045593 testClass = PublisherRepositoryTests, locations = '{}', classes = '{class org.test.BookpubApplication, class org.test.TestMockBeansConfig}', contextInitializerClasses = '[]', activeProfiles = '{}', propertySourceLocations = '{}', propertySourceProperties = '{}', contextLoader = 'org.springframework.boot.test.SpringApplicationContextLoader', parent = [null]]], class annotated with @DirtiesContext [false] with mode [null].
21:40:59.492 [Test worker] DEBUG org.springframework.test.annotation.ProfileValueUtils - Retrieved @ProfileValueSourceConfiguration [null] for test class [org.test.PublisherRepositoryTests]
21:40:59.492 [Test worker] DEBUG org.springframework.test.annotation.ProfileValueUtils - Retrieved ProfileValueSource type [class org.springframework.test.annotation.SystemProfileValueSource] for class [org.test.PublisherRepositoryTests]
21:40:59.494 [Test worker] DEBUG org.springframework.test.util.ReflectionTestUtils - Getting field 'mergedContextConfiguration' from target object [[DefaultTestContext@6a9dde86 testClass = PublisherRepositoryTests, testInstance = org.test.PublisherRepositoryTests@47755f2d, testMethod = [null], testException = [null], mergedContextConfiguration = [MergedContextConfiguration@72045593 testClass = PublisherRepositoryTests, locations = '{}', classes = '{class org.test.BookpubApplication, class org.test.TestMockBeansConfig}', contextInitializerClasses = '[]', activeProfiles = '{}', propertySourceLocations = '{}', propertySourceProperties = '{}', contextLoader = 'org.springframework.boot.test.SpringApplicationContextLoader', parent = [null]]]] or target class [class org.springframework.test.context.support.DefaultTestContext]
21:40:59.494 [Test worker] DEBUG org.springframework.test.util.ReflectionTestUtils - Setting field 'propertySourceProperties' of type [null] on target object [[MergedContextConfiguration@72045593 testClass = PublisherRepositoryTests, locations = '{}', classes = '{class org.test.BookpubApplication, class org.test.TestMockBeansConfig}', contextInitializerClasses = '[]', activeProfiles = '{}', propertySourceLocations = '{}', propertySourceProperties = '{}', contextLoader = 'org.springframework.boot.test.SpringApplicationContextLoader', parent = [null]]] or target class [class org.springframework.test.context.MergedContextConfiguration] to value [[Ljava.lang.String;@fdc0c2d]
21:40:59.494 [Test worker] DEBUG org.springframework.test.context.support.DependencyInjectionTestExecutionListener - Performing dependency injection for test context [[DefaultTestContext@6a9dde86 testClass = PublisherRepositoryTests, testInstance = org.test.PublisherRepositoryTests@47755f2d, testMethod = [null], testException = [null], mergedContextConfiguration = [MergedContextConfiguration@72045593 testClass = PublisherRepositoryTests, locations = '{}', classes = '{class org.test.BookpubApplication, class org.test.TestMockBeansConfig}', contextInitializerClasses = '[]', activeProfiles = '{}', propertySourceLocations = '{}', propertySourceProperties = '{org.springframework.boot.test.IntegrationTest=true}', contextLoader = 'org.springframework.boot.test.SpringApplicationContextLoader', parent = [null]]]].
21:40:59.534 [Test worker] DEBUG org.springframework.core.env.StandardEnvironment - Adding [systemProperties] PropertySource with lowest search precedence
21:40:59.535 [Test worker] DEBUG org.springframework.core.env.StandardEnvironment - Adding [systemEnvironment] PropertySource with lowest search precedence
21:40:59.536 [Test worker] DEBUG org.springframework.core.env.StandardEnvironment - Initialized StandardEnvironment with PropertySources [systemProperties,systemEnvironment]
21:40:59.536 [Test worker] DEBUG org.springframework.core.env.StandardEnvironment - Adding [integrationTest] PropertySource with search precedence immediately lower than [systemEnvironment]

  .   ____          _            __ _ _
 /\\ / ___'_ __ _ _(_)_ __  __ _ \ \ \ \
( ( )\___ | '_ | '_| | '_ \/ _` | \ \ \ \
 \\/  ___)| |_)| | | | | || (_| |  ) ) ) )
  '  |____| .__|_| |_|_| |_\__, | / / / /
 =========|_|==============|___/=/_/_/_/
 :: Spring Boot ::        (v1.3.6.RELEASE)

2016-07-13 21:40:59.690  INFO 5021 --- [    Test worker] org.test.PublisherRepositoryTests        : Starting PublisherRepositoryTests on lam-System-Product-Name with PID 5021 (/home/lam/IdeaProjects/sbc-generated/build/classes/test started by lam in /home/lam/IdeaProjects/sbc-generated)
2016-07-13 21:40:59.690  INFO 5021 --- [    Test worker] org.test.PublisherRepositoryTests        : No active profile set, falling back to default profiles: default
2016-07-13 21:40:59.849  INFO 5021 --- [    Test worker] s.c.a.AnnotationConfigApplicationContext : Refreshing org.springframework.context.annotation.AnnotationConfigApplicationContext@57ec1669: startup date [Wed Jul 13 21:40:59 BST 2016]; root of context hierarchy
2016-07-13 21:41:01.029  INFO 5021 --- [    Test worker] o.s.jdbc.datasource.init.ScriptUtils     : Executing SQL script from URL [file:/home/lam/IdeaProjects/sbc-generated/build/resources/main/schema.sql]
2016-07-13 21:41:01.065  INFO 5021 --- [    Test worker] o.s.jdbc.datasource.init.ScriptUtils     : Executed SQL script from URL [file:/home/lam/IdeaProjects/sbc-generated/build/resources/main/schema.sql] in 36 ms.
2016-07-13 21:41:01.067  INFO 5021 --- [    Test worker] o.s.jdbc.datasource.init.ScriptUtils     : Executing SQL script from URL [file:/home/lam/IdeaProjects/sbc-generated/build/resources/test/data.sql]
2016-07-13 21:41:01.071  INFO 5021 --- [    Test worker] o.s.jdbc.datasource.init.ScriptUtils     : Executed SQL script from URL [file:/home/lam/IdeaProjects/sbc-generated/build/resources/test/data.sql] in 4 ms.
2016-07-13 21:41:01.071  INFO 5021 --- [    Test worker] o.s.jdbc.datasource.init.ScriptUtils     : Executing SQL script from URL [file:/home/lam/IdeaProjects/sbc-generated/build/resources/main/data.sql]
2016-07-13 21:41:01.072  INFO 5021 --- [    Test worker] o.s.jdbc.datasource.init.ScriptUtils     : Executed SQL script from URL [file:/home/lam/IdeaProjects/sbc-generated/build/resources/main/data.sql] in 1 ms.
2016-07-13 21:41:01.142  INFO 5021 --- [    Test worker] j.LocalContainerEntityManagerFactoryBean : Building JPA container EntityManagerFactory for persistence unit 'default'
2016-07-13 21:41:01.163  INFO 5021 --- [    Test worker] o.hibernate.jpa.internal.util.LogHelper  : HHH000204: Processing PersistenceUnitInfo [
	name: default
	...]
2016-07-13 21:41:01.226  INFO 5021 --- [    Test worker] org.hibernate.Version                    : HHH000412: Hibernate Core {4.3.11.Final}
2016-07-13 21:41:01.228  INFO 5021 --- [    Test worker] org.hibernate.cfg.Environment            : HHH000206: hibernate.properties not found
2016-07-13 21:41:01.230  INFO 5021 --- [    Test worker] org.hibernate.cfg.Environment            : HHH000021: Bytecode provider name : javassist
2016-07-13 21:41:01.461  INFO 5021 --- [    Test worker] o.hibernate.annotations.common.Version   : HCANN000001: Hibernate Commons Annotations {4.0.5.Final}
2016-07-13 21:41:01.531  INFO 5021 --- [    Test worker] org.hibernate.dialect.Dialect            : HHH000400: Using dialect: org.hibernate.dialect.H2Dialect
2016-07-13 21:41:01.623  INFO 5021 --- [    Test worker] o.h.h.i.ast.ASTQueryTranslatorFactory    : HHH000397: Using ASTQueryTranslatorFactory
2016-07-13 21:41:02.629  INFO 5021 --- [    Test worker] o.t.b.dbcount.DbCountRunner              : PublisherRepository has 0 entries
2016-07-13 21:41:02.763  INFO 5021 --- [    Test worker] o.t.b.dbcount.DbCountRunner              : PublisherRepository has 2 entries
2016-07-13 21:41:02.768  INFO 5021 --- [    Test worker] o.t.b.dbcount.DbCountRunner              : BookRepository has 2 entries
2016-07-13 21:41:02.772  INFO 5021 --- [    Test worker] o.t.b.dbcount.DbCountRunner              : AuthorRepository has 2 entries
2016-07-13 21:41:02.776  INFO 5021 --- [    Test worker] o.t.b.dbcount.DbCountRunner              : ReviewerRepository has 0 entries
2016-07-13 21:41:02.778  INFO 5021 --- [    Test worker] org.test.bookpub.StartupRunner           : Number of Books: 2
2016-07-13 21:41:02.779  INFO 5021 --- [    Test worker] org.test.PublisherRepositoryTests        : Started PublisherRepositoryTests in 3.241 seconds (JVM running for 3.709)
]]></system-out>
  <system-err><![CDATA[]]></system-err>
</testsuite>
