<?xml version="1.0" encoding="UTF-8"?>
<testsuite name="org.test.bookpub.SpockBookRepositorySpecification" tests="3" skipped="0" failures="0" errors="0" timestamp="2016-07-13T20:41:05" hostname="lam-System-Product-Name" time="0.156">
  <properties/>
  <testcase name="Test RESTful GET" classname="org.test.bookpub.SpockBookRepositorySpecification" time="0.108"/>
  <testcase name="Insert another book" classname="org.test.bookpub.SpockBookRepositorySpecification" time="0.029"/>
  <testcase name="Test RESTful GET books by publisher" classname="org.test.bookpub.SpockBookRepositorySpecification" time="0.019"/>
  <system-out><![CDATA[2016-07-13 21:41:05.082  INFO 5021 --- [    Test worker] o.s.t.c.support.AbstractContextLoader    : Could not detect default resource locations for test class [org.test.bookpub.SpockBookRepositorySpecification]: no resource found for suffixes {-context.xml, Context.groovy}.
2016-07-13 21:41:05.083  INFO 5021 --- [    Test worker] o.s.t.c.web.WebTestContextBootstrapper   : Loaded default TestExecutionListener class names from location [META-INF/spring.factories]: [org.springframework.test.context.web.ServletTestExecutionListener, org.springframework.test.context.support.DirtiesContextBeforeModesTestExecutionListener, org.springframework.test.context.support.DependencyInjectionTestExecutionListener, org.springframework.test.context.support.DirtiesContextTestExecutionListener, org.springframework.test.context.transaction.TransactionalTestExecutionListener, org.springframework.test.context.jdbc.SqlScriptsTestExecutionListener]
2016-07-13 21:41:05.083  INFO 5021 --- [    Test worker] o.s.t.c.web.WebTestContextBootstrapper   : Using TestExecutionListeners: [org.springframework.test.context.web.ServletTestExecutionListener@264b932, org.springframework.test.context.support.DirtiesContextBeforeModesTestExecutionListener@59b02b54, org.springframework.test.context.support.DependencyInjectionTestExecutionListener@4674cc50, org.springframework.test.context.support.DirtiesContextTestExecutionListener@4f216aef, org.springframework.test.context.transaction.TransactionalTestExecutionListener@682be710, org.springframework.test.context.jdbc.SqlScriptsTestExecutionListener@30199bca]
2016-07-13 21:41:05.136  INFO 5021 --- [    Test worker] o.s.t.c.transaction.TransactionContext   : Began transaction (1) for test context [DefaultTestContext@71c97ead testClass = SpockBookRepositorySpecification, testInstance = org.test.bookpub.SpockBookRepositorySpecification@4c78f266, testMethod = $spock_feature_0_0@SpockBookRepositorySpecification, testException = [null], mergedContextConfiguration = [WebMergedContextConfiguration@2411a40b testClass = SpockBookRepositorySpecification, locations = '{}', classes = '{class org.test.BookpubApplication, class org.test.TestMockBeansConfig}', contextInitializerClasses = '[]', activeProfiles = '{}', propertySourceLocations = '{}', propertySourceProperties = '{}', resourceBasePath = 'src/main/webapp', contextLoader = 'org.springframework.boot.test.SpringApplicationContextLoader', parent = [null]]]; transaction manager [org.springframework.orm.jpa.JpaTransactionManager@212a29dc]; rollback [true]
2016-07-13 21:41:05.147  INFO 5021 --- [    Test worker] o.s.b.test.SpringBootMockServletContext  : Initializing Spring FrameworkServlet ''
2016-07-13 21:41:05.147  INFO 5021 --- [    Test worker] o.s.t.web.servlet.TestDispatcherServlet  : FrameworkServlet '': initialization started
2016-07-13 21:41:05.149  INFO 5021 --- [    Test worker] o.s.t.web.servlet.TestDispatcherServlet  : FrameworkServlet '': initialization completed in 2 ms
2016-07-13 21:41:05.160  INFO 5021 --- [    Test worker] o.s.jdbc.datasource.init.ScriptUtils     : Executing SQL script from class path resource [packt-books.sql]
2016-07-13 21:41:05.161  INFO 5021 --- [    Test worker] o.s.jdbc.datasource.init.ScriptUtils     : Executed SQL script from class path resource [packt-books.sql] in 1 ms.
!!!!!!!!!!!!!!!!!!!!!!!!!!!!!!!!!!ISBN org.test.bookpub.controllers.Isbn@53e34e51
2016-07-13 21:41:05.193  INFO 5021 --- [    Test worker] o.s.t.c.transaction.TransactionContext   : Rolled back transaction for test context [DefaultTestContext@71c97ead testClass = SpockBookRepositorySpecification, testInstance = org.test.bookpub.SpockBookRepositorySpecification@4c78f266, testMethod = $spock_feature_0_0@SpockBookRepositorySpecification, testException = [null], mergedContextConfiguration = [WebMergedContextConfiguration@2411a40b testClass = SpockBookRepositorySpecification, locations = '{}', classes = '{class org.test.BookpubApplication, class org.test.TestMockBeansConfig}', contextInitializerClasses = '[]', activeProfiles = '{}', propertySourceLocations = '{}', propertySourceProperties = '{}', resourceBasePath = 'src/main/webapp', contextLoader = 'org.springframework.boot.test.SpringApplicationContextLoader', parent = [null]]].
2016-07-13 21:41:05.195  INFO 5021 --- [    Test worker] o.s.t.c.transaction.TransactionContext   : Began transaction (1) for test context [DefaultTestContext@71c97ead testClass = SpockBookRepositorySpecification, testInstance = org.test.bookpub.SpockBookRepositorySpecification@a3c8a94, testMethod = $spock_feature_0_0@SpockBookRepositorySpecification, testException = [null], mergedContextConfiguration = [WebMergedContextConfiguration@2411a40b testClass = SpockBookRepositorySpecification, locations = '{}', classes = '{class org.test.BookpubApplication, class org.test.TestMockBeansConfig}', contextInitializerClasses = '[]', activeProfiles = '{}', propertySourceLocations = '{}', propertySourceProperties = '{}', resourceBasePath = 'src/main/webapp', contextLoader = 'org.springframework.boot.test.SpringApplicationContextLoader', parent = [null]]]; transaction manager [org.springframework.orm.jpa.JpaTransactionManager@212a29dc]; rollback [true]
2016-07-13 21:41:05.195  INFO 5021 --- [    Test worker] o.s.jdbc.datasource.init.ScriptUtils     : Executing SQL script from class path resource [packt-books.sql]
2016-07-13 21:41:05.196  INFO 5021 --- [    Test worker] o.s.jdbc.datasource.init.ScriptUtils     : Executed SQL script from class path resource [packt-books.sql] in 1 ms.
!!!!!!!!!!!!!!!!!!!!!!!!!!!!!!!!!!ISBN org.test.bookpub.controllers.Isbn@32677cbc
2016-07-13 21:41:05.203  INFO 5021 --- [    Test worker] o.s.t.c.transaction.TransactionContext   : Rolled back transaction for test context [DefaultTestContext@71c97ead testClass = SpockBookRepositorySpecification, testInstance = org.test.bookpub.SpockBookRepositorySpecification@a3c8a94, testMethod = $spock_feature_0_0@SpockBookRepositorySpecification, testException = [null], mergedContextConfiguration = [WebMergedContextConfiguration@2411a40b testClass = SpockBookRepositorySpecification, locations = '{}', classes = '{class org.test.BookpubApplication, class org.test.TestMockBeansConfig}', contextInitializerClasses = '[]', activeProfiles = '{}', propertySourceLocations = '{}', propertySourceProperties = '{}', resourceBasePath = 'src/main/webapp', contextLoader = 'org.springframework.boot.test.SpringApplicationContextLoader', parent = [null]]].
2016-07-13 21:41:05.205  INFO 5021 --- [    Test worker] o.s.t.c.transaction.TransactionContext   : Began transaction (1) for test context [DefaultTestContext@71c97ead testClass = SpockBookRepositorySpecification, testInstance = org.test.bookpub.SpockBookRepositorySpecification@2f48102a, testMethod = $spock_feature_0_1@SpockBookRepositorySpecification, testException = [null], mergedContextConfiguration = [WebMergedContextConfiguration@2411a40b testClass = SpockBookRepositorySpecification, locations = '{}', classes = '{class org.test.BookpubApplication, class org.test.TestMockBeansConfig}', contextInitializerClasses = '[]', activeProfiles = '{}', propertySourceLocations = '{}', propertySourceProperties = '{}', resourceBasePath = 'src/main/webapp', contextLoader = 'org.springframework.boot.test.SpringApplicationContextLoader', parent = [null]]]; transaction manager [org.springframework.orm.jpa.JpaTransactionManager@212a29dc]; rollback [true]
2016-07-13 21:41:05.205  INFO 5021 --- [    Test worker] o.s.jdbc.datasource.init.ScriptUtils     : Executing SQL script from class path resource [packt-books.sql]
2016-07-13 21:41:05.206  INFO 5021 --- [    Test worker] o.s.jdbc.datasource.init.ScriptUtils     : Executed SQL script from class path resource [packt-books.sql] in 1 ms.
2016-07-13 21:41:05.232  INFO 5021 --- [    Test worker] o.s.t.c.transaction.TransactionContext   : Rolled back transaction for test context [DefaultTestContext@71c97ead testClass = SpockBookRepositorySpecification, testInstance = org.test.bookpub.SpockBookRepositorySpecification@2f48102a, testMethod = $spock_feature_0_1@SpockBookRepositorySpecification, testException = [null], mergedContextConfiguration = [WebMergedContextConfiguration@2411a40b testClass = SpockBookRepositorySpecification, locations = '{}', classes = '{class org.test.BookpubApplication, class org.test.TestMockBeansConfig}', contextInitializerClasses = '[]', activeProfiles = '{}', propertySourceLocations = '{}', propertySourceProperties = '{}', resourceBasePath = 'src/main/webapp', contextLoader = 'org.springframework.boot.test.SpringApplicationContextLoader', parent = [null]]].
2016-07-13 21:41:05.234  INFO 5021 --- [    Test worker] o.s.jdbc.datasource.init.ScriptUtils     : Executing SQL script from class path resource [packt-books.sql]
2016-07-13 21:41:05.234  INFO 5021 --- [    Test worker] o.s.jdbc.datasource.init.ScriptUtils     : Executed SQL script from class path resource [packt-books.sql] in 0 ms.
]]></system-out>
  <system-err><![CDATA[]]></system-err>
</testsuite>
